<?xml version="1.0" encoding="UTF-8"?>
<testsuite xmlns:xsi="http://www.w3.org/2001/XMLSchema-instance" xsi:noNamespaceSchemaLocation="https://maven.apache.org/surefire/maven-surefire-plugin/xsd/surefire-test-report-3.0.xsd" version="3.0" name="cucumber.Options.TestRunner" time="5.069" tests="2" errors="0" skipped="0" failures="0">
  <properties>
[...]
</properties>
  <testcase name="Verify if place successfully added using AddPlaceAPI" classname="Validating Place API" time="2.611">
    <system-out><![CDATA[Request method:	POST
Request URI:	https://rahulshettyacademy.com/maps/api/place/add/json?key=qaclick123
Proxy:			<none>
Request params:	<none>
Query params:	key=qaclick123
Form params:	<none>
Path params:	<none>
Headers:		Accept=*/*
				Content-Type=application/json
Cookies:		<none>
Multiparts:		<none>
Body:
{
    "location": {
        "lat": -38.383494,
        "lng": 33.427362
    },
    "accuracy": "25",
    "name": "Coimbatore house",
    "phone_number": "(+91) 988 888 8888",
    "address": "29, side layout, Coimbatore",
    "types": [
        "shoe park",
        "shop"
    ],
    "website": "http://google.com",
    "language": "English"
}
HTTP/1.1 200 OK
Date: Wed, 16 Apr 2025 19:08:29 GMT
Server: Apache/2.4.52 (Ubuntu)
Access-Control-Allow-Origin: *
Access-Control-Allow-Methods: POST
Access-Control-Max-Age: 3600
Access-Control-Allow-Headers: Content-Type, Access-Control-Allow-Headers, Authorization, X-Requested-With
Content-Length: 194
Keep-Alive: timeout=5, max=100
Connection: Keep-Alive
Content-Type: application/json;charset=UTF-8

{
    "status": "OK",
    "place_id": "09cc1ec3dd29903fcf884bcd14edeb5c",
    "scope": "APP",
    "reference": "a7d76ab4fe23211d11b56a9d039ebefea7d76ab4fe23211d11b56a9d039ebefe",
    "id": "a7d76ab4fe23211d11b56a9d039ebefe"
}
Request method:	GET
Request URI:	https://rahulshettyacademy.com/maps/api/place/get/json?key=qaclick123&place_id=09cc1ec3dd29903fcf884bcd14edeb5c
Proxy:			<none>
Request params:	<none>
Query params:	key=qaclick123
				place_id=09cc1ec3dd29903fcf884bcd14edeb5c
Form params:	<none>
Path params:	<none>
Headers:		Accept=*/*
				Content-Type=application/json
Cookies:		<none>
Multiparts:		<none>
Body:			<none>
HTTP/1.1 200 OK
Date: Wed, 16 Apr 2025 19:08:29 GMT
Server: Apache/2.4.52 (Ubuntu)
Access-Control-Allow-Origin: *
Access-Control-Allow-Methods: POST
Access-Control-Max-Age: 3600
Access-Control-Allow-Headers: Content-Type, Access-Control-Allow-Headers, Authorization, X-Requested-With
Content-Length: 258
Keep-Alive: timeout=5, max=100
Connection: Keep-Alive
Content-Type: application/json;charset=UTF-8

{
    "location": {
        "latitude": "-38.383494",
        "longitude": "33.427362"
    },
    "accuracy": "25",
    "name": "Coimbatore house",
    "phone_number": "(+91) 988 888 8888",
    "address": "29, side layout, Coimbatore",
    "types": "shoe park,shop",
    "website": "http://google.com",
    "language": "English"
}
]]></system-out>
  </testcase>
  <testcase name="Verify if place successfully deleted using DeletePlaceAPI" classname="Validating Place API" time="2.144">
    <system-out><![CDATA[Request method:	POST
Request URI:	https://rahulshettyacademy.com/maps/api/place/delete/json?key=qaclick123
Proxy:			<none>
Request params:	<none>
Query params:	key=qaclick123
Form params:	<none>
Path params:	<none>
Headers:		Accept=*/*
				Content-Type=application/json
Cookies:		<none>
Multiparts:		<none>
Body:
{
    "place_id": "09cc1ec3dd29903fcf884bcd14edeb5c"
}
HTTP/1.1 200 OK
Date: Wed, 16 Apr 2025 19:08:30 GMT
Server: Apache/2.4.52 (Ubuntu)
Access-Control-Allow-Origin: *
Access-Control-Allow-Methods: POST
Access-Control-Max-Age: 3600
Access-Control-Allow-Headers: Content-Type, Access-Control-Allow-Headers, Authorization, X-Requested-With
Content-Length: 15
Keep-Alive: timeout=5, max=100
Connection: Keep-Alive
Content-Type: application/json;charset=UTF-8

{
    "status": "OK"
}
]]></system-out>
  </testcase>
</testsuite>